2025-07-10 09:24 - RELIANCE.NS: ❌ No crossover
2025-07-10 09:24 - TCS.NS: ❌ No crossover
2025-07-10 09:24 - INFY.NS: ❌ No crossover
2025-07-10 10:12 - RELIANCE.NS: ❌ No crossover
2025-07-10 10:12 - TCS.NS: ❌ No crossover
2025-07-10 10:12 - INFY.NS: ❌ No crossover
2025-07-10 10:12 - HDFCBANK.NS: ❌ No crossover
2025-07-10 10:12 - ICICIBANK.NS: ❌ No crossover
2025-07-10 10:12 - KOTAKBANK.NS: ❌ No crossover
2025-07-10 10:12 - LT.NS: ❌ No crossover
2025-07-10 10:12 - HINDUNILVR.NS: ❌ No crossover
2025-07-10 10:12 - ITC.NS: ❌ No crossover
2025-07-10 10:12 - AXISBANK.NS: ❌ No crossover
2025-07-10 10:12 - SBIN.NS: ❌ No crossover
2025-07-10 10:12 - BHARTIARTL.NS: ❌ No crossover
2025-07-10 10:12 - BAJFINANCE.NS: ❌ No crossover
2025-07-10 10:12 - ASIANPAINT.NS: ❌ No crossover
2025-07-10 10:12 - HCLTECH.NS: ❌ No crossover
2025-07-10 10:12 - MARUTI.NS: ❌ No crossover
2025-07-10 10:12 - TITAN.NS: ❌ No crossover
2025-07-10 10:12 - SUNPHARMA.NS: ❌ No crossover
2025-07-10 10:12 - ULTRACEMCO.NS: ❌ No crossover
2025-07-10 10:12 - WIPRO.NS: ❌ No crossover
2025-07-10 10:12 - NESTLEIND.NS: ❌ No crossover
2025-07-10 10:12 - TECHM.NS: ❌ No crossover
2025-07-10 10:12 - POWERGRID.NS: ❌ No crossover
2025-07-10 10:12 - NTPC.NS: ❌ No crossover
2025-07-10 10:12 - JSWSTEEL.NS: ❌ No crossover
2025-07-10 10:12 - GRASIM.NS: ❌ No crossover
2025-07-10 10:12 - CIPLA.NS: ❌ No crossover
2025-07-10 10:12 - BAJAJFINSV.NS: ❌ No crossover
2025-07-10 10:12 - COALINDIA.NS: ❌ No crossover
2025-07-10 10:12 - ADANIENT.NS: ❌ No crossover
2025-07-10 10:12 - ADANIPORTS.NS: ❌ No crossover
2025-07-10 10:12 - DRREDDY.NS: ❌ No crossover
2025-07-10 10:12 - EICHERMOT.NS: ❌ No crossover
2025-07-10 10:12 - DIVISLAB.NS: ❌ No crossover
2025-07-10 10:12 - HINDALCO.NS: ❌ No crossover
2025-07-10 10:13 - HDFCLIFE.NS: ❌ No crossover
2025-07-10 10:13 - BRITANNIA.NS: ❌ No crossover
2025-07-10 10:13 - BPCL.NS: ❌ No crossover
2025-07-10 10:13 - HEROMOTOCO.NS: ❌ No crossover
2025-07-10 10:13 - SHREECEM.NS: ❌ No crossover
2025-07-10 10:13 - INDUSINDBK.NS: ❌ No crossover
2025-07-10 10:13 - UPL.NS: ❌ No crossover
2025-07-10 10:13 - TATASTEEL.NS: ❌ No crossover
2025-07-10 10:13 - SBILIFE.NS: ❌ No crossover
2025-07-10 10:13 - BAJAJ-AUTO.NS: ❌ No crossover
2025-07-10 10:13 - M&M.NS: ❌ No crossover
2025-07-10 10:13 - ONGC.NS: ❌ No crossover
2025-07-10 10:13 - APOLLOHOSP.NS: ❌ No crossover
2025-07-10 10:13 - TATAMOTORS.NS: ❌ No crossover
2025-07-10 10:13 - ICICIPRULI.NS: ❌ No crossover
2025-07-10 10:13 - SBICARD.NS: ❌ No crossover
2025-07-15 06:20 - BAJAJFINSV.NS: ✅ BUY SIGNAL - 5 EMA crossed above 50 EMA
2025-07-15 06:20 - COALINDIA.NS: ✅ BUY SIGNAL - 5 EMA crossed above 50 EMA
